TN:
SF:app.js
FN:10,(anonymous_0)
FN:18,(anonymous_1)
FNF:2
FNH:0
FNDA:0,(anonymous_0)
FNDA:0,(anonymous_1)
DA:1,1
DA:2,1
DA:3,1
DA:4,1
DA:5,1
DA:7,1
DA:8,1
DA:10,1
DA:11,0
DA:12,0
DA:14,0
DA:18,1
DA:19,0
DA:20,0
DA:23,1
LF:15
LH:10
BRF:0
BRH:0
end_of_record
TN:
SF:src\controllers\product.js
FN:3,(anonymous_0)
FN:17,(anonymous_1)
FN:31,(anonymous_2)
FN:46,(anonymous_3)
FN:60,(anonymous_4)
FNF:5
FNH:3
FNDA:1,(anonymous_0)
FNDA:0,(anonymous_1)
FNDA:2,(anonymous_2)
FNDA:4,(anonymous_3)
FNDA:0,(anonymous_4)
DA:1,2
DA:3,2
DA:4,1
DA:5,1
DA:6,1
DA:10,0
DA:11,0
DA:17,2
DA:18,0
DA:19,0
DA:20,0
DA:24,0
DA:25,0
DA:31,2
DA:32,2
DA:33,2
DA:34,2
DA:39,0
DA:40,0
DA:46,2
DA:47,4
DA:48,4
DA:49,4
DA:51,4
DA:53,3
DA:55,1
DA:56,1
DA:60,2
DA:61,0
DA:62,0
DA:64,0
DA:66,0
DA:68,0
DA:69,0
LF:34
LH:19
BRF:0
BRH:0
end_of_record
TN:
SF:src\models\product.js
FNF:0
FNH:0
DA:1,3
DA:3,3
DA:5,3
DA:24,3
LF:4
LH:4
BRF:0
BRH:0
end_of_record
TN:
SF:src\routes\products.js
FNF:0
FNH:0
DA:1,1
DA:2,1
DA:3,1
DA:5,1
DA:6,1
DA:7,1
DA:8,1
DA:9,1
DA:11,1
LF:9
LH:9
BRF:0
BRH:0
end_of_record
TN:
SF:src\services\products.js
FN:3,(anonymous_0)
FN:8,(anonymous_1)
FN:13,(anonymous_2)
FN:23,(anonymous_3)
FN:31,(anonymous_4)
FNF:5
FNH:4
FNDA:1,(anonymous_0)
FNDA:0,(anonymous_1)
FNDA:2,(anonymous_2)
FNDA:4,(anonymous_3)
FNDA:1,(anonymous_4)
DA:1,3
DA:3,3
DA:4,1
DA:5,1
DA:8,3
DA:9,0
DA:10,0
DA:13,3
DA:14,2
DA:20,2
DA:23,3
DA:24,4
DA:31,3
DA:32,1
LF:14
LH:12
BRF:0
BRH:0
end_of_record
